Using pre-set license
Built from '2021.3/staging' branch; Version is '2021.3.16f1 (4016570cf34f) revision 4200023'; Using compiler version '192829333'; Build Type 'Release'
OS: 'Windows 11  (10.0.22621) 64bit CoreSingleLanguage' Language: 'en' Physical Memory: 7549 MB
BatchMode: 1, IsHumanControllingUs: 0, StartBugReporterOnCrash: 0, Is64bit: 1, IsPro: 1

COMMAND LINE ARGUMENTS:
C:\Program Files\Unity\Hub\Editor\2021.3.16f1\Editor\Unity.exe
-adb2
-batchMode
-noUpm
-name
AssetImportWorker1
-projectPath
C:/Users/Tapash Nag/Desktop/Hackathon/Hackathon_CampusCompass_AEC/Tapash/MainProject
-logFile
Logs/AssetImportWorker1.log
-srvPort
63196
Successfully changed project path to: C:/Users/Tapash Nag/Desktop/Hackathon/Hackathon_CampusCompass_AEC/Tapash/MainProject
C:/Users/Tapash Nag/Desktop/Hackathon/Hackathon_CampusCompass_AEC/Tapash/MainProject
[UnityMemory] Configuration Parameters - Can be set up in boot.config
    "memorysetup-bucket-allocator-granularity=16"
    "memorysetup-bucket-allocator-bucket-count=8"
    "memorysetup-bucket-allocator-block-size=33554432"
    "memorysetup-bucket-allocator-block-count=8"
    "memorysetup-main-allocator-block-size=16777216"
    "memorysetup-thread-allocator-block-size=16777216"
    "memorysetup-gfx-main-allocator-block-size=16777216"
    "memorysetup-gfx-thread-allocator-block-size=16777216"
    "memorysetup-cache-allocator-block-size=4194304"
    "memorysetup-typetree-allocator-block-size=2097152"
    "memorysetup-profiler-bucket-allocator-granularity=16"
    "memorysetup-profiler-bucket-allocator-bucket-count=8"
    "memorysetup-profiler-bucket-allocator-block-size=33554432"
    "memorysetup-profiler-bucket-allocator-block-count=8"
    "memorysetup-profiler-allocator-block-size=16777216"
    "memorysetup-profiler-editor-allocator-block-size=1048576"
    "memorysetup-temp-allocator-size-main=16777216"
    "memorysetup-job-temp-allocator-block-size=2097152"
    "memorysetup-job-temp-allocator-block-size-background=1048576"
    "memorysetup-job-temp-allocator-reduction-small-platforms=262144"
    "memorysetup-temp-allocator-size-background-worker=32768"
    "memorysetup-temp-allocator-size-job-worker=262144"
    "memorysetup-temp-allocator-size-preload-manager=33554432"
    "memorysetup-temp-allocator-size-nav-mesh-worker=65536"
    "memorysetup-temp-allocator-size-audio-worker=65536"
    "memorysetup-temp-allocator-size-cloud-worker=32768"
    "memorysetup-temp-allocator-size-gi-baking-worker=262144"
    "memorysetup-temp-allocator-size-gfx=262144"
Player connection [8896] Host "[IP] 192.168.56.1 [Port] 0 [Flags] 2 [Guid] 1360915374 [EditorId] 1360915374 [Version] 1048832 [Id] WindowsEditor(7,Tapash) [Debug] 1 [PackageName] WindowsEditor [ProjectName] Editor" joined multi-casting on [225.0.0.222:54997]...

Player connection [8896] Host "[IP] 192.168.56.1 [Port] 0 [Flags] 2 [Guid] 1360915374 [EditorId] 1360915374 [Version] 1048832 [Id] WindowsEditor(7,Tapash) [Debug] 1 [PackageName] WindowsEditor [ProjectName] Editor" joined alternative multi-casting on [225.0.0.222:34997]...

Refreshing native plugins compatible for Editor in 150.72 ms, found 3 plugins.
Preloading 0 native plugins for Editor in 0.00 ms.
Initialize engine version: 2021.3.16f1 (4016570cf34f)
[Subsystems] Discovering subsystems at path C:/Program Files/Unity/Hub/Editor/2021.3.16f1/Editor/Data/Resources/UnitySubsystems
[Subsystems] Discovering subsystems at path C:/Users/Tapash Nag/Desktop/Hackathon/Hackathon_CampusCompass_AEC/Tapash/MainProject/Assets
GfxDevice: creating device client; threaded=0; jobified=0
Direct3D:
    Version:  Direct3D 11.0 [level 11.1]
    Renderer: NVIDIA GeForce GTX 1650 (ID=0x1f99)
    Vendor:   NVIDIA
    VRAM:     3950 MB
    Driver:   31.0.15.2802
Initialize mono
Mono path[0] = 'C:/Program Files/Unity/Hub/Editor/2021.3.16f1/Editor/Data/Managed'
Mono path[1] = 'C:/Program Files/Unity/Hub/Editor/2021.3.16f1/Editor/Data/MonoBleedingEdge/lib/mono/unityjit-win32'
Mono config path = 'C:/Program Files/Unity/Hub/Editor/2021.3.16f1/Editor/Data/MonoBleedingEdge/etc'
Using monoOptions --debugger-agent=transport=dt_socket,embedding=1,server=y,suspend=n,address=127.0.0.1:56944
Begin MonoManager ReloadAssembly
Registering precompiled unity dll's ...
Register platform support module: C:/Program Files/Unity/Hub/Editor/2021.3.16f1/Editor/Data/PlaybackEngines/WebGLSupport/UnityEditor.WebGL.Extensions.dll
Register platform support module: C:/Program Files/Unity/Hub/Editor/2021.3.16f1/Editor/Data/PlaybackEngines/AndroidPlayer/UnityEditor.Android.Extensions.dll
Register platform support module: C:/Program Files/Unity/Hub/Editor/2021.3.16f1/Editor/Data/PlaybackEngines/WindowsStandaloneSupport/UnityEditor.WindowsStandalone.Extensions.dll
Registered in 0.014300 seconds.
Native extension for WindowsStandalone target not found
Native extension for Android target not found
Native extension for WebGL target not found
Refreshing native plugins compatible for Editor in 86.55 ms, found 3 plugins.
Preloading 0 native plugins for Editor in 0.00 ms.
Mono: successfully reloaded assembly
- Completed reload, in  0.804 seconds
Domain Reload Profiling:
	ReloadAssembly (805ms)
		BeginReloadAssembly (159ms)
			ExecutionOrderSort (0ms)
			DisableScriptedObjects (0ms)
			BackupInstance (0ms)
			ReleaseScriptingObjects (0ms)
			CreateAndSetChildDomain (1ms)
		EndReloadAssembly (506ms)
			LoadAssemblies (156ms)
			RebuildTransferFunctionScriptingTraits (0ms)
			SetupTypeCache (113ms)
			ReleaseScriptCaches (0ms)
			RebuildScriptCaches (27ms)
			SetupLoadedEditorAssemblies (309ms)
				LogAssemblyErrors (0ms)
				InitializePlatformSupportModulesInManaged (60ms)
				SetLoadedEditorAssemblies (0ms)
				RefreshPlugins (87ms)
				BeforeProcessingInitializeOnLoad (1ms)
				ProcessInitializeOnLoadAttributes (99ms)
				ProcessInitializeOnLoadMethodAttributes (61ms)
				AfterProcessingInitializeOnLoad (0ms)
				EditorAssembliesLoaded (0ms)
			ExecutionOrderSort2 (0ms)
			AwakeInstancesAfterBackupRestoration (0ms)
Platform modules already initialized, skipping
Registering precompiled user dll's ...
Registered in 0.022891 seconds.
Android Extension - Scanning For ADB Devices 5005 ms
Begin MonoManager ReloadAssembly
Symbol file LoadedFromMemory doesn't match image C:\Users\Tapash Nag\Desktop\Hackathon\Hackathon_CampusCompass_AEC\Tapash\MainProject\Library\PackageCache\com.unity.visualscripting@1.7.8\Editor\VisualScripting.Core\Dependencies\YamlDotNet\Unity.VisualScripting.YamlDotNet.dll
Symbol file LoadedFromMemory doesn't match image C:\Users\Tapash Nag\Desktop\Hackathon\Hackathon_CampusCompass_AEC\Tapash\MainProject\Library\PackageCache\com.unity.visualscripting@1.7.8\Editor\VisualScripting.Core\Dependencies\DotNetZip\Unity.VisualScripting.IonicZip.dll
Native extension for WindowsStandalone target not found
Native extension for Android target not found
Native extension for WebGL target not found
Refreshing native plugins compatible for Editor in 0.54 ms, found 3 plugins.
Preloading 0 native plugins for Editor in 0.00 ms.
Mono: successfully reloaded assembly
- Completed reload, in  1.386 seconds
Domain Reload Profiling:
	ReloadAssembly (1387ms)
		BeginReloadAssembly (190ms)
			ExecutionOrderSort (0ms)
			DisableScriptedObjects (5ms)
			BackupInstance (0ms)
			ReleaseScriptingObjects (0ms)
			CreateAndSetChildDomain (21ms)
		EndReloadAssembly (1060ms)
			LoadAssemblies (246ms)
			RebuildTransferFunctionScriptingTraits (0ms)
			SetupTypeCache (278ms)
			ReleaseScriptCaches (1ms)
			RebuildScriptCaches (53ms)
			SetupLoadedEditorAssemblies (487ms)
				LogAssemblyErrors (0ms)
				InitializePlatformSupportModulesInManaged (30ms)
				SetLoadedEditorAssemblies (1ms)
				RefreshPlugins (1ms)
				BeforeProcessingInitializeOnLoad (162ms)
				ProcessInitializeOnLoadAttributes (254ms)
				ProcessInitializeOnLoadMethodAttributes (25ms)
				AfterProcessingInitializeOnLoad (15ms)
				EditorAssembliesLoaded (0ms)
			ExecutionOrderSort2 (0ms)
			AwakeInstancesAfterBackupRestoration (7ms)
Platform modules already initialized, skipping
========================================================================
Worker process is ready to serve import requests
Launched and connected shader compiler UnityShaderCompiler.exe after 0.09 seconds
Refreshing native plugins compatible for Editor in 0.58 ms, found 3 plugins.
Preloading 0 native plugins for Editor in 0.00 ms.
Unloading 3386 Unused Serialized files (Serialized files now loaded: 0)
Unloading 27 unused Assets / (113.5 KB). Loaded Objects now: 3845.
Memory consumption went from 119.3 MB to 119.2 MB.
Total: 3.757100 ms (FindLiveObjects: 0.467300 ms CreateObjectMapping: 0.190500 ms MarkObjects: 2.969500 ms  DeleteObjects: 0.127300 ms)

AssetImportParameters requested are different than current active one (requested -> active):
  custom:video-decoder-ogg-theora: a1e56fd34408186e4bbccfd4996cb3dc -> 
  custom:container-muxer-webm: aa71ff27fc2769a1b78a27578f13a17b -> 
  custom:container-demuxer-webm: 4f35f7cbe854078d1ac9338744f61a02 -> 
  custom:video-encoder-webm-vp8: eb34c28f22e8b96e1ab97ce403110664 -> 
  custom:audio-encoder-webm-vorbis: bf7c407c2cedff20999df2af8eb42d56 -> 
  custom:framework-win-MediaFoundation: 216162199b28c13a410421893ffa2e32 -> 
  custom:container-demuxer-ogg: 62fdf1f143b41e24485cea50d1cbac27 -> 
  custom:video-decoder-webm-vp8: 9c59270c3fd7afecdb556c50c9e8de78 -> 
  custom:audio-decoder-ogg-vorbis: bf7c407c2cedff20999df2af8eb42d56 -> 
========================================================================
Received Import Request.
  Time since last request: 202992.247886 seconds.
  path: Assets/temp cube.prefab
  artifactKey: Guid(bba285139408b074db2b5dea1cc49c33) Importer(815301076,1909f56bfc062723c751e8b465ee728b)
Start importing Assets/temp cube.prefab using Guid(bba285139408b074db2b5dea1cc49c33) Importer(815301076,1909f56bfc062723c751e8b465ee728b)  -> (artifact id: 'd4147ca65927c78eef0935108dc22c16') in 0.347262 seconds 
========================================================================
Received Import Request.
  Time since last request: 2.709565 seconds.
  path: Assets/Prefabs/First Person Player.prefab
  artifactKey: Guid(fda81660f5d0beb43b0b7b87054163de) Importer(815301076,1909f56bfc062723c751e8b465ee728b)
Start importing Assets/Prefabs/First Person Player.prefab using Guid(fda81660f5d0beb43b0b7b87054163de) Importer(815301076,1909f56bfc062723c751e8b465ee728b)  -> (artifact id: 'be59ca995341646e64c5dd3e5cf9d6e0') in 0.198852 seconds 
========================================================================
Received Import Request.
  Time since last request: 0.000036 seconds.
  path: Assets/Prefabs/Graph new.prefab
  artifactKey: Guid(bf2ada64bd95b4446b005e58526e8975) Importer(815301076,1909f56bfc062723c751e8b465ee728b)
Start importing Assets/Prefabs/Graph new.prefab using Guid(bf2ada64bd95b4446b005e58526e8975) Importer(815301076,1909f56bfc062723c751e8b465ee728b)  -> (artifact id: '36279708c87164b26d1b13db4f8112a7') in 0.031119 seconds 
========================================================================
Received Import Request.
  Time since last request: 0.000043 seconds.
  path: Assets/Prefabs/Search Canvas.prefab
  artifactKey: Guid(96802488bb894e3438cc624cb7831711) Importer(815301076,1909f56bfc062723c751e8b465ee728b)
Start importing Assets/Prefabs/Search Canvas.prefab using Guid(96802488bb894e3438cc624cb7831711) Importer(815301076,1909f56bfc062723c751e8b465ee728b)  -> (artifact id: 'cd1c9923a87c05aac5576ccfea84791f') in 0.078732 seconds 
========================================================================
Received Import Request.
  Time since last request: 0.000022 seconds.
  path: Assets/Prefabs/Graph.prefab
  artifactKey: Guid(37dd54545f7fa4a4ea1441d58b4f175e) Importer(815301076,1909f56bfc062723c751e8b465ee728b)
Start importing Assets/Prefabs/Graph.prefab using Guid(37dd54545f7fa4a4ea1441d58b4f175e) Importer(815301076,1909f56bfc062723c751e8b465ee728b)  -> (artifact id: 'ccbc0683a2fc379eb255add360a62d3e') in 0.032962 seconds 
========================================================================
Received Import Request.
  Time since last request: 0.000031 seconds.
  path: Assets/Prefabs/new 4 train.fbx
  artifactKey: Guid(cb18f469a8f1360468107f6703fd4e68) Importer(815301076,1909f56bfc062723c751e8b465ee728b)
Start importing Assets/Prefabs/new 4 train.fbx using Guid(cb18f469a8f1360468107f6703fd4e68) Importer(815301076,1909f56bfc062723c751e8b465ee728b)  -> (artifact id: '69cdf9f0ef73b1fd18f05c5911750d07') in 0.951709 seconds 
========================================================================
Received Import Request.
  Time since last request: 106.532519 seconds.
  path: Assets/Images/box.png
  artifactKey: Guid(517cdeab5b3cebc48af9cb33ab9851b6) Importer(815301076,1909f56bfc062723c751e8b465ee728b)
Start importing Assets/Images/box.png using Guid(517cdeab5b3cebc48af9cb33ab9851b6) Importer(815301076,1909f56bfc062723c751e8b465ee728b)  -> (artifact id: '5e700d5bd8b011cc211e7fd64a7b6551') in 0.126254 seconds 
========================================================================
Received Import Request.
  Time since last request: 0.000044 seconds.
  path: Assets/Images/mag.png
  artifactKey: Guid(07b90ce481af0d04b965e3d07eeed5f3) Importer(815301076,1909f56bfc062723c751e8b465ee728b)
Start importing Assets/Images/mag.png using Guid(07b90ce481af0d04b965e3d07eeed5f3) Importer(815301076,1909f56bfc062723c751e8b465ee728b)  -> (artifact id: 'ad2311ee5abbb87cf175c8ada0453fae') in 0.032195 seconds 
========================================================================
Received Import Request.
  Time since last request: 0.000095 seconds.
  path: Assets/Images/box2.png
  artifactKey: Guid(7fa239b654b7e5e4bad122c45fe3d20e) Importer(815301076,1909f56bfc062723c751e8b465ee728b)
Start importing Assets/Images/box2.png using Guid(7fa239b654b7e5e4bad122c45fe3d20e) Importer(815301076,1909f56bfc062723c751e8b465ee728b)  -> (artifact id: 'ec146164fec9d29824741e73f1ea98df') in 0.057455 seconds 
========================================================================
Received Import Request.
  Time since last request: 0.000030 seconds.
  path: Assets/Images/just background 1.png
  artifactKey: Guid(68997cf9c038f5c4cb6202d620adcb25) Importer(815301076,1909f56bfc062723c751e8b465ee728b)
Start importing Assets/Images/just background 1.png using Guid(68997cf9c038f5c4cb6202d620adcb25) Importer(815301076,1909f56bfc062723c751e8b465ee728b)  -> (artifact id: '51060c4473d551ae36d949ad7a31fe3d') in 0.055010 seconds 
========================================================================
Received Import Request.
  Time since last request: 0.000023 seconds.
  path: Assets/Images/magGlass.png
  artifactKey: Guid(c69ffa042960f1645a2d83f349f02d4b) Importer(815301076,1909f56bfc062723c751e8b465ee728b)
Start importing Assets/Images/magGlass.png using Guid(c69ffa042960f1645a2d83f349f02d4b) Importer(815301076,1909f56bfc062723c751e8b465ee728b)  -> (artifact id: '2e4822d7220f5bd396242266aa7d6782') in 0.027977 seconds 
========================================================================
Received Import Request.
  Time since last request: 0.000053 seconds.
  path: Assets/Images/New Material.mat
  artifactKey: Guid(8be521b1d9a44c146b1ecc469f00bfe5) Importer(815301076,1909f56bfc062723c751e8b465ee728b)
Start importing Assets/Images/New Material.mat using Guid(8be521b1d9a44c146b1ecc469f00bfe5) Importer(815301076,1909f56bfc062723c751e8b465ee728b)  -> (artifact id: '09b9126ac3582abfdd132b0f4abc5cb4') in 0.033757 seconds 
========================================================================
Received Import Request.
  Time since last request: 3.222329 seconds.
  path: Assets/Materials/Character.mat
  artifactKey: Guid(2ef695182eda2b642b3bee59f88ee549) Importer(815301076,1909f56bfc062723c751e8b465ee728b)
Start importing Assets/Materials/Character.mat using Guid(2ef695182eda2b642b3bee59f88ee549) Importer(815301076,1909f56bfc062723c751e8b465ee728b)  -> (artifact id: '1ca72e112f7186404f16a26485da3e45') in 0.020462 seconds 
========================================================================
Received Import Request.
  Time since last request: 0.000029 seconds.
  path: Assets/Materials/New Material.mat
  artifactKey: Guid(df5ce989ab58cfd4089596f751aa060b) Importer(815301076,1909f56bfc062723c751e8b465ee728b)
Start importing Assets/Materials/New Material.mat using Guid(df5ce989ab58cfd4089596f751aa060b) Importer(815301076,1909f56bfc062723c751e8b465ee728b)  -> (artifact id: '53b28e109f995663f888174c182b1d49') in 0.025004 seconds 
========================================================================
Received Import Request.
  Time since last request: 0.000059 seconds.
  path: Assets/Materials/Material.001.mat
  artifactKey: Guid(c48dd245e1dc48f49ae226adcbc2c6d5) Importer(815301076,1909f56bfc062723c751e8b465ee728b)
Start importing Assets/Materials/Material.001.mat using Guid(c48dd245e1dc48f49ae226adcbc2c6d5) Importer(815301076,1909f56bfc062723c751e8b465ee728b)  -> (artifact id: 'c54dda5bc085710350c7d90507327fa1') in 0.026897 seconds 
========================================================================
Received Import Request.
  Time since last request: 0.000049 seconds.
  path: Assets/Materials/Plane.mat
  artifactKey: Guid(22e9cc333812ff44e90c89f31e48755d) Importer(815301076,1909f56bfc062723c751e8b465ee728b)
Start importing Assets/Materials/Plane.mat using Guid(22e9cc333812ff44e90c89f31e48755d) Importer(815301076,1909f56bfc062723c751e8b465ee728b)  -> (artifact id: '3de026d7281e4116b720efcf10b3ef02') in 0.023019 seconds 
Editor requested this worker to shutdown with reason: Scaling down because of idle timeout
AssetImportWorker is now disconnected from the server
Process exiting
Exiting without the bug reporter. Application will terminate with return code 0