Using pre-set license
Built from '2021.3/staging' branch; Version is '2021.3.16f1 (4016570cf34f) revision 4200023'; Using compiler version '192829333'; Build Type 'Release'
OS: 'Windows 11  (10.0.22621) 64bit CoreSingleLanguage' Language: 'en' Physical Memory: 7549 MB
BatchMode: 1, IsHumanControllingUs: 0, StartBugReporterOnCrash: 0, Is64bit: 1, IsPro: 1

COMMAND LINE ARGUMENTS:
C:\Program Files\Unity\Hub\Editor\2021.3.16f1\Editor\Unity.exe
-adb2
-batchMode
-noUpm
-name
AssetImportWorker2
-projectPath
C:/Users/Tapash Nag/Desktop/Hackathon/Hackathon_CampusCompass_AEC/Tapash
-logFile
Logs/AssetImportWorker2.log
-srvPort
57200
Successfully changed project path to: C:/Users/Tapash Nag/Desktop/Hackathon/Hackathon_CampusCompass_AEC/Tapash
C:/Users/Tapash Nag/Desktop/Hackathon/Hackathon_CampusCompass_AEC/Tapash
[UnityMemory] Configuration Parameters - Can be set up in boot.config
    "memorysetup-bucket-allocator-granularity=16"
    "memorysetup-bucket-allocator-bucket-count=8"
    "memorysetup-bucket-allocator-block-size=33554432"
    "memorysetup-bucket-allocator-block-count=8"
    "memorysetup-main-allocator-block-size=16777216"
    "memorysetup-thread-allocator-block-size=16777216"
    "memorysetup-gfx-main-allocator-block-size=16777216"
    "memorysetup-gfx-thread-allocator-block-size=16777216"
    "memorysetup-cache-allocator-block-size=4194304"
    "memorysetup-typetree-allocator-block-size=2097152"
    "memorysetup-profiler-bucket-allocator-granularity=16"
    "memorysetup-profiler-bucket-allocator-bucket-count=8"
    "memorysetup-profiler-bucket-allocator-block-size=33554432"
    "memorysetup-profiler-bucket-allocator-block-count=8"
    "memorysetup-profiler-allocator-block-size=16777216"
    "memorysetup-profiler-editor-allocator-block-size=1048576"
    "memorysetup-temp-allocator-size-main=16777216"
    "memorysetup-job-temp-allocator-block-size=2097152"
    "memorysetup-job-temp-allocator-block-size-background=1048576"
    "memorysetup-job-temp-allocator-reduction-small-platforms=262144"
    "memorysetup-temp-allocator-size-background-worker=32768"
    "memorysetup-temp-allocator-size-job-worker=262144"
    "memorysetup-temp-allocator-size-preload-manager=33554432"
    "memorysetup-temp-allocator-size-nav-mesh-worker=65536"
    "memorysetup-temp-allocator-size-audio-worker=65536"
    "memorysetup-temp-allocator-size-cloud-worker=32768"
    "memorysetup-temp-allocator-size-gi-baking-worker=262144"
    "memorysetup-temp-allocator-size-gfx=262144"
Player connection [20536] Host "[IP] 192.168.56.1 [Port] 0 [Flags] 2 [Guid] 943184475 [EditorId] 943184475 [Version] 1048832 [Id] WindowsEditor(7,Tapash) [Debug] 1 [PackageName] WindowsEditor [ProjectName] Editor" joined multi-casting on [225.0.0.222:54997]...

Player connection [20536] Host "[IP] 192.168.56.1 [Port] 0 [Flags] 2 [Guid] 943184475 [EditorId] 943184475 [Version] 1048832 [Id] WindowsEditor(7,Tapash) [Debug] 1 [PackageName] WindowsEditor [ProjectName] Editor" joined alternative multi-casting on [225.0.0.222:34997]...

Refreshing native plugins compatible for Editor in 84.71 ms, found 3 plugins.
Preloading 0 native plugins for Editor in 0.00 ms.
Initialize engine version: 2021.3.16f1 (4016570cf34f)
[Subsystems] Discovering subsystems at path C:/Program Files/Unity/Hub/Editor/2021.3.16f1/Editor/Data/Resources/UnitySubsystems
[Subsystems] Discovering subsystems at path C:/Users/Tapash Nag/Desktop/Hackathon/Hackathon_CampusCompass_AEC/Tapash/Assets
GfxDevice: creating device client; threaded=0; jobified=0
Direct3D:
    Version:  Direct3D 11.0 [level 11.1]
    Renderer: NVIDIA GeForce GTX 1650 (ID=0x1f99)
    Vendor:   NVIDIA
    VRAM:     3950 MB
    Driver:   31.0.15.2802
Initialize mono
Mono path[0] = 'C:/Program Files/Unity/Hub/Editor/2021.3.16f1/Editor/Data/Managed'
Mono path[1] = 'C:/Program Files/Unity/Hub/Editor/2021.3.16f1/Editor/Data/MonoBleedingEdge/lib/mono/unityjit-win32'
Mono config path = 'C:/Program Files/Unity/Hub/Editor/2021.3.16f1/Editor/Data/MonoBleedingEdge/etc'
Using monoOptions --debugger-agent=transport=dt_socket,embedding=1,server=y,suspend=n,address=127.0.0.1:56404
Begin MonoManager ReloadAssembly
Registering precompiled unity dll's ...
Register platform support module: C:/Program Files/Unity/Hub/Editor/2021.3.16f1/Editor/Data/PlaybackEngines/WebGLSupport/UnityEditor.WebGL.Extensions.dll
Register platform support module: C:/Program Files/Unity/Hub/Editor/2021.3.16f1/Editor/Data/PlaybackEngines/AndroidPlayer/UnityEditor.Android.Extensions.dll
Register platform support module: C:/Program Files/Unity/Hub/Editor/2021.3.16f1/Editor/Data/PlaybackEngines/WindowsStandaloneSupport/UnityEditor.WindowsStandalone.Extensions.dll
Registered in 0.010485 seconds.
Native extension for WindowsStandalone target not found
Native extension for Android target not found
Native extension for WebGL target not found
Refreshing native plugins compatible for Editor in 112.10 ms, found 3 plugins.
Preloading 0 native plugins for Editor in 0.00 ms.
Mono: successfully reloaded assembly
- Completed reload, in  0.897 seconds
Domain Reload Profiling:
	ReloadAssembly (898ms)
		BeginReloadAssembly (108ms)
			ExecutionOrderSort (0ms)
			DisableScriptedObjects (0ms)
			BackupInstance (0ms)
			ReleaseScriptingObjects (0ms)
			CreateAndSetChildDomain (1ms)
		EndReloadAssembly (639ms)
			LoadAssemblies (101ms)
			RebuildTransferFunctionScriptingTraits (0ms)
			SetupTypeCache (144ms)
			ReleaseScriptCaches (0ms)
			RebuildScriptCaches (36ms)
			SetupLoadedEditorAssemblies (386ms)
				LogAssemblyErrors (0ms)
				InitializePlatformSupportModulesInManaged (77ms)
				SetLoadedEditorAssemblies (0ms)
				RefreshPlugins (112ms)
				BeforeProcessingInitializeOnLoad (1ms)
				ProcessInitializeOnLoadAttributes (118ms)
				ProcessInitializeOnLoadMethodAttributes (77ms)
				AfterProcessingInitializeOnLoad (0ms)
				EditorAssembliesLoaded (0ms)
			ExecutionOrderSort2 (0ms)
			AwakeInstancesAfterBackupRestoration (0ms)
Platform modules already initialized, skipping
Registering precompiled user dll's ...
Registered in 0.011561 seconds.
Begin MonoManager ReloadAssembly
Symbol file LoadedFromMemory doesn't match image C:\Users\Tapash Nag\Desktop\Hackathon\Hackathon_CampusCompass_AEC\Tapash\Library\PackageCache\com.unity.visualscripting@1.7.8\Editor\VisualScripting.Core\Dependencies\YamlDotNet\Unity.VisualScripting.YamlDotNet.dll
Symbol file LoadedFromMemory doesn't match image C:\Users\Tapash Nag\Desktop\Hackathon\Hackathon_CampusCompass_AEC\Tapash\Library\PackageCache\com.unity.visualscripting@1.7.8\Editor\VisualScripting.Core\Dependencies\DotNetZip\Unity.VisualScripting.IonicZip.dll
Native extension for WindowsStandalone target not found
Native extension for Android target not found
Native extension for WebGL target not found
Refreshing native plugins compatible for Editor in 1.01 ms, found 3 plugins.
Preloading 0 native plugins for Editor in 0.00 ms.
Mono: successfully reloaded assembly
- Completed reload, in  1.541 seconds
Domain Reload Profiling:
	ReloadAssembly (1542ms)
		BeginReloadAssembly (354ms)
			ExecutionOrderSort (0ms)
			DisableScriptedObjects (5ms)
			BackupInstance (0ms)
			ReleaseScriptingObjects (0ms)
			CreateAndSetChildDomain (156ms)
		EndReloadAssembly (1022ms)
			LoadAssemblies (204ms)
			RebuildTransferFunctionScriptingTraits (0ms)
			SetupTypeCache (303ms)
			ReleaseScriptCaches (1ms)
			RebuildScriptCaches (62ms)
			SetupLoadedEditorAssemblies (460ms)
				LogAssemblyErrors (0ms)
				InitializePlatformSupportModulesInManaged (23ms)
				SetLoadedEditorAssemblies (1ms)
				RefreshPlugins (1ms)
				BeforeProcessingInitializeOnLoad (114ms)
				ProcessInitializeOnLoadAttributes (277ms)
				ProcessInitializeOnLoadMethodAttributes (27ms)
				AfterProcessingInitializeOnLoad (18ms)
				EditorAssembliesLoaded (0ms)
			ExecutionOrderSort2 (0ms)
			AwakeInstancesAfterBackupRestoration (7ms)
Platform modules already initialized, skipping
========================================================================
Worker process is ready to serve import requests
Launched and connected shader compiler UnityShaderCompiler.exe after 0.07 seconds
Refreshing native plugins compatible for Editor in 0.81 ms, found 3 plugins.
Preloading 0 native plugins for Editor in 0.00 ms.
Unloading 3375 Unused Serialized files (Serialized files now loaded: 0)
Unloading 27 unused Assets / (113.6 KB). Loaded Objects now: 3835.
Memory consumption went from 118.0 MB to 117.9 MB.
Total: 3.516700 ms (FindLiveObjects: 0.344200 ms CreateObjectMapping: 0.106300 ms MarkObjects: 2.916600 ms  DeleteObjects: 0.148200 ms)

AssetImportParameters requested are different than current active one (requested -> active):
  custom:video-decoder-ogg-theora: a1e56fd34408186e4bbccfd4996cb3dc -> 
  custom:container-muxer-webm: aa71ff27fc2769a1b78a27578f13a17b -> 
  custom:container-demuxer-webm: 4f35f7cbe854078d1ac9338744f61a02 -> 
  custom:video-encoder-webm-vp8: eb34c28f22e8b96e1ab97ce403110664 -> 
  custom:audio-encoder-webm-vorbis: bf7c407c2cedff20999df2af8eb42d56 -> 
  custom:framework-win-MediaFoundation: 216162199b28c13a410421893ffa2e32 -> 
  custom:container-demuxer-ogg: 62fdf1f143b41e24485cea50d1cbac27 -> 
  custom:video-decoder-webm-vp8: 9c59270c3fd7afecdb556c50c9e8de78 -> 
  custom:audio-decoder-ogg-vorbis: bf7c407c2cedff20999df2af8eb42d56 -> 
========================================================================
Received Import Request.
  Time since last request: 155472.310284 seconds.
  path: Assets/Foldit/static/Foldit-Light.ttf
  artifactKey: Guid(e6566de30f75185469f0b5d333f9e4b6) Importer(815301076,1909f56bfc062723c751e8b465ee728b)
Start importing Assets/Foldit/static/Foldit-Light.ttf using Guid(e6566de30f75185469f0b5d333f9e4b6) Importer(815301076,1909f56bfc062723c751e8b465ee728b)  -> (artifact id: '4da0cabbd50083a21420d276b2e82b55') in 0.201801 seconds 
========================================================================
Received Import Request.
  Time since last request: 0.000028 seconds.
  path: Assets/Foldit/static/Foldit-ExtraBold.ttf
  artifactKey: Guid(d37696525ec764649b1e7a4c89994ecc) Importer(815301076,1909f56bfc062723c751e8b465ee728b)
Start importing Assets/Foldit/static/Foldit-ExtraBold.ttf using Guid(d37696525ec764649b1e7a4c89994ecc) Importer(815301076,1909f56bfc062723c751e8b465ee728b)  -> (artifact id: 'a58c820b21eb1e9b10b447c3ba252eda') in 0.027918 seconds 
========================================================================
Received Import Request.
  Time since last request: 0.000031 seconds.
  path: Assets/Foldit
  artifactKey: Guid(0bcdae44ea8ce5f458c60fd9fd8e6f34) Importer(815301076,1909f56bfc062723c751e8b465ee728b)
Start importing Assets/Foldit using Guid(0bcdae44ea8ce5f458c60fd9fd8e6f34) Importer(815301076,1909f56bfc062723c751e8b465ee728b)  -> (artifact id: '1b48120dfb6252acf9943c09be16e10d') in 0.008552 seconds 
========================================================================
Received Import Request.
  Time since last request: 15.005623 seconds.
  path: Assets/Foldit/static/Foldit-Medium.ttf
  artifactKey: Guid(ff7d167f0c42c6044b5a5fc690028531) Importer(815301076,1909f56bfc062723c751e8b465ee728b)
Start importing Assets/Foldit/static/Foldit-Medium.ttf using Guid(ff7d167f0c42c6044b5a5fc690028531) Importer(815301076,1909f56bfc062723c751e8b465ee728b)  -> (artifact id: '9f683bd3bb12a1c5553f453a8824b958') in 0.025113 seconds 
========================================================================
Received Import Request.
  Time since last request: 0.149388 seconds.
  path: Assets/Foldit/static/Foldit-SemiBold.ttf
  artifactKey: Guid(a416ee89d0fc7de49afcf4a315c6ab9d) Importer(815301076,1909f56bfc062723c751e8b465ee728b)
Start importing Assets/Foldit/static/Foldit-SemiBold.ttf using Guid(a416ee89d0fc7de49afcf4a315c6ab9d) Importer(815301076,1909f56bfc062723c751e8b465ee728b)  -> (artifact id: '91165458d29fcb668cffaf2c35fbb26f') in 0.030185 seconds 
========================================================================
Received Import Request.
  Time since last request: 27.845174 seconds.
  path: Assets/Bruno_Ace_SC
  artifactKey: Guid(a4e2d3ecfcb3a714ab90dcd5e1dfb9c7) Importer(815301076,1909f56bfc062723c751e8b465ee728b)
Start importing Assets/Bruno_Ace_SC using Guid(a4e2d3ecfcb3a714ab90dcd5e1dfb9c7) Importer(815301076,1909f56bfc062723c751e8b465ee728b)  -> (artifact id: '8a89e1c2cca37a1d59bb5af908825215') in 0.008221 seconds 
========================================================================
Received Import Request.
  Time since last request: 53.688950 seconds.
  path: Assets/BrunoAceSC-Regular SDF.asset
  artifactKey: Guid(dab605fc604a79647a44f3e6655f4eb3) Importer(815301076,1909f56bfc062723c751e8b465ee728b)
Start importing Assets/BrunoAceSC-Regular SDF.asset using Guid(dab605fc604a79647a44f3e6655f4eb3) Importer(815301076,1909f56bfc062723c751e8b465ee728b)  -> (artifact id: '299c65fe56f699f56f8e54ad2319fe56') in 0.106874 seconds 
========================================================================
Received Import Request.
  Time since last request: 91.059342 seconds.
  path: Assets/BrunoAceSC-Regular SDF.asset
  artifactKey: Guid(dab605fc604a79647a44f3e6655f4eb3) Importer(815301076,1909f56bfc062723c751e8b465ee728b)
Start importing Assets/BrunoAceSC-Regular SDF.asset using Guid(dab605fc604a79647a44f3e6655f4eb3) Importer(815301076,1909f56bfc062723c751e8b465ee728b)  -> (artifact id: 'c64fd8d83c8990c35fcc455028318e04') in 0.063095 seconds 
========================================================================
Received Prepare
Registering precompiled user dll's ...
Registered in 0.018800 seconds.
Begin MonoManager ReloadAssembly
Symbol file LoadedFromMemory doesn't match image C:\Users\Tapash Nag\Desktop\Hackathon\Hackathon_CampusCompass_AEC\Tapash\Library\PackageCache\com.unity.visualscripting@1.7.8\Editor\VisualScripting.Core\Dependencies\YamlDotNet\Unity.VisualScripting.YamlDotNet.dll
Symbol file LoadedFromMemory doesn't match image C:\Users\Tapash Nag\Desktop\Hackathon\Hackathon_CampusCompass_AEC\Tapash\Library\PackageCache\com.unity.visualscripting@1.7.8\Editor\VisualScripting.Core\Dependencies\DotNetZip\Unity.VisualScripting.IonicZip.dll
Native extension for WindowsStandalone target not found
Native extension for Android target not found
Native extension for WebGL target not found
Refreshing native plugins compatible for Editor in 0.59 ms, found 3 plugins.
Preloading 0 native plugins for Editor in 0.00 ms.
Mono: successfully reloaded assembly
- Completed reload, in  1.171 seconds
Domain Reload Profiling:
	ReloadAssembly (1172ms)
		BeginReloadAssembly (165ms)
			ExecutionOrderSort (0ms)
			DisableScriptedObjects (4ms)
			BackupInstance (0ms)
			ReleaseScriptingObjects (0ms)
			CreateAndSetChildDomain (47ms)
		EndReloadAssembly (883ms)
			LoadAssemblies (124ms)
			RebuildTransferFunctionScriptingTraits (0ms)
			SetupTypeCache (294ms)
			ReleaseScriptCaches (1ms)
			RebuildScriptCaches (42ms)
			SetupLoadedEditorAssemblies (373ms)
				LogAssemblyErrors (0ms)
				InitializePlatformSupportModulesInManaged (31ms)
				SetLoadedEditorAssemblies (0ms)
				RefreshPlugins (1ms)
				BeforeProcessingInitializeOnLoad (81ms)
				ProcessInitializeOnLoadAttributes (223ms)
				ProcessInitializeOnLoadMethodAttributes (24ms)
				AfterProcessingInitializeOnLoad (13ms)
				EditorAssembliesLoaded (0ms)
			ExecutionOrderSort2 (0ms)
			AwakeInstancesAfterBackupRestoration (7ms)
Platform modules already initialized, skipping
Refreshing native plugins compatible for Editor in 4.13 ms, found 3 plugins.
Preloading 0 native plugins for Editor in 0.00 ms.
Unloading 3357 Unused Serialized files (Serialized files now loaded: 0)
Unloading 20 unused Assets / (80.4 KB). Loaded Objects now: 3884.
Memory consumption went from 121.3 MB to 121.2 MB.
Total: 3.061000 ms (FindLiveObjects: 0.354400 ms CreateObjectMapping: 0.159100 ms MarkObjects: 2.443800 ms  DeleteObjects: 0.102300 ms)

AssetImportParameters requested are different than current active one (requested -> active):
  custom:video-decoder-ogg-theora: a1e56fd34408186e4bbccfd4996cb3dc -> 
  custom:container-muxer-webm: aa71ff27fc2769a1b78a27578f13a17b -> 
  custom:container-demuxer-webm: 4f35f7cbe854078d1ac9338744f61a02 -> 
  custom:video-encoder-webm-vp8: eb34c28f22e8b96e1ab97ce403110664 -> 
  custom:audio-encoder-webm-vorbis: bf7c407c2cedff20999df2af8eb42d56 -> 
  custom:framework-win-MediaFoundation: 216162199b28c13a410421893ffa2e32 -> 
  custom:container-demuxer-ogg: 62fdf1f143b41e24485cea50d1cbac27 -> 
  custom:video-decoder-webm-vp8: 9c59270c3fd7afecdb556c50c9e8de78 -> 
  custom:audio-decoder-ogg-vorbis: bf7c407c2cedff20999df2af8eb42d56 -> 
========================================================================
Received Prepare
Registering precompiled user dll's ...
Registered in 0.014970 seconds.
Begin MonoManager ReloadAssembly
Symbol file LoadedFromMemory doesn't match image C:\Users\Tapash Nag\Desktop\Hackathon\Hackathon_CampusCompass_AEC\Tapash\Library\PackageCache\com.unity.visualscripting@1.7.8\Editor\VisualScripting.Core\Dependencies\YamlDotNet\Unity.VisualScripting.YamlDotNet.dll
Symbol file LoadedFromMemory doesn't match image C:\Users\Tapash Nag\Desktop\Hackathon\Hackathon_CampusCompass_AEC\Tapash\Library\PackageCache\com.unity.visualscripting@1.7.8\Editor\VisualScripting.Core\Dependencies\DotNetZip\Unity.VisualScripting.IonicZip.dll
Native extension for WindowsStandalone target not found
Native extension for Android target not found
Native extension for WebGL target not found
Refreshing native plugins compatible for Editor in 0.71 ms, found 3 plugins.
Preloading 0 native plugins for Editor in 0.00 ms.
Mono: successfully reloaded assembly
- Completed reload, in  1.230 seconds
Domain Reload Profiling:
	ReloadAssembly (1231ms)
		BeginReloadAssembly (186ms)
			ExecutionOrderSort (0ms)
			DisableScriptedObjects (6ms)
			BackupInstance (0ms)
			ReleaseScriptingObjects (0ms)
			CreateAndSetChildDomain (45ms)
		EndReloadAssembly (926ms)
			LoadAssemblies (123ms)
			RebuildTransferFunctionScriptingTraits (0ms)
			SetupTypeCache (330ms)
			ReleaseScriptCaches (1ms)
			RebuildScriptCaches (42ms)
			SetupLoadedEditorAssemblies (391ms)
				LogAssemblyErrors (0ms)
				InitializePlatformSupportModulesInManaged (28ms)
				SetLoadedEditorAssemblies (0ms)
				RefreshPlugins (1ms)
				BeforeProcessingInitializeOnLoad (79ms)
				ProcessInitializeOnLoadAttributes (237ms)
				ProcessInitializeOnLoadMethodAttributes (29ms)
				AfterProcessingInitializeOnLoad (16ms)
				EditorAssembliesLoaded (0ms)
			ExecutionOrderSort2 (0ms)
			AwakeInstancesAfterBackupRestoration (8ms)
Platform modules already initialized, skipping
Refreshing native plugins compatible for Editor in 3.43 ms, found 3 plugins.
Preloading 0 native plugins for Editor in 0.00 ms.
Unloading 3357 Unused Serialized files (Serialized files now loaded: 0)
Unloading 20 unused Assets / (80.4 KB). Loaded Objects now: 3887.
Memory consumption went from 121.3 MB to 121.2 MB.
Total: 3.006000 ms (FindLiveObjects: 0.269700 ms CreateObjectMapping: 0.091700 ms MarkObjects: 2.534200 ms  DeleteObjects: 0.108700 ms)

AssetImportParameters requested are different than current active one (requested -> active):
  custom:video-decoder-ogg-theora: a1e56fd34408186e4bbccfd4996cb3dc -> 
  custom:container-muxer-webm: aa71ff27fc2769a1b78a27578f13a17b -> 
  custom:container-demuxer-webm: 4f35f7cbe854078d1ac9338744f61a02 -> 
  custom:video-encoder-webm-vp8: eb34c28f22e8b96e1ab97ce403110664 -> 
  custom:audio-encoder-webm-vorbis: bf7c407c2cedff20999df2af8eb42d56 -> 
  custom:framework-win-MediaFoundation: 216162199b28c13a410421893ffa2e32 -> 
  custom:container-demuxer-ogg: 62fdf1f143b41e24485cea50d1cbac27 -> 
  custom:video-decoder-webm-vp8: 9c59270c3fd7afecdb556c50c9e8de78 -> 
  custom:audio-decoder-ogg-vorbis: bf7c407c2cedff20999df2af8eb42d56 -> 
========================================================================
Received Import Request.
  Time since last request: 817.519471 seconds.
  path: Assets/campus image.avif
  artifactKey: Guid(f22afd3f0caca1849ae9a1f9381db1e7) Importer(815301076,1909f56bfc062723c751e8b465ee728b)
Start importing Assets/campus image.avif using Guid(f22afd3f0caca1849ae9a1f9381db1e7) Importer(815301076,1909f56bfc062723c751e8b465ee728b)  -> (artifact id: '9aa35abf043919dc1173ea4edbd2d96b') in 0.032437 seconds 
========================================================================
Received Import Request.
  Time since last request: 60.929319 seconds.
  path: Packages/com.unity.collab-proxy/Editor/PlasticSCM/Assets/Images/d_iconlockedremoteoverlay.png
  artifactKey: Guid(1046ed65e6aaffb4391378f6d08d6c14) Importer(815301076,1909f56bfc062723c751e8b465ee728b)
Start importing Packages/com.unity.collab-proxy/Editor/PlasticSCM/Assets/Images/d_iconlockedremoteoverlay.png using Guid(1046ed65e6aaffb4391378f6d08d6c14) Importer(815301076,1909f56bfc062723c751e8b465ee728b)  -> (artifact id: '8c766ea0ed38cf2c872f4a1ec495bc64') in 0.120515 seconds 
========================================================================
Received Import Request.
  Time since last request: 138.269160 seconds.
  path: Assets/campus.jpg
  artifactKey: Guid(66163d0236b64d7489cd6731c0ada8ee) Importer(815301076,1909f56bfc062723c751e8b465ee728b)
Start importing Assets/campus.jpg using Guid(66163d0236b64d7489cd6731c0ada8ee) Importer(815301076,1909f56bfc062723c751e8b465ee728b)  -> (artifact id: '2b3ebc98852b1f942161f08a83f90d8d') in 0.012782 seconds 
========================================================================
Received Import Request.
  Time since last request: 19.829679 seconds.
  path: Assets/campus.jpg
  artifactKey: Guid(66163d0236b64d7489cd6731c0ada8ee) Importer(815301076,1909f56bfc062723c751e8b465ee728b)
Start importing Assets/campus.jpg using Guid(66163d0236b64d7489cd6731c0ada8ee) Importer(815301076,1909f56bfc062723c751e8b465ee728b)  -> (artifact id: '9d809e8ecc610ff86c1a41251579bc29') in 0.004301 seconds 
========================================================================
Received Import Request.
  Time since last request: 277.462043 seconds.
  path: Assets/campus image.jpg
  artifactKey: Guid(1c2e93dbc2981be4097ace0462df8ef8) Importer(815301076,1909f56bfc062723c751e8b465ee728b)
Start importing Assets/campus image.jpg using Guid(1c2e93dbc2981be4097ace0462df8ef8) Importer(815301076,1909f56bfc062723c751e8b465ee728b)  -> (artifact id: '6a2fdd4f8ac8d28c5a82414438e3e682') in 0.019169 seconds 
========================================================================
Received Import Request.
  Time since last request: 18.603580 seconds.
  path: Assets/campus image.jpg
  artifactKey: Guid(1c2e93dbc2981be4097ace0462df8ef8) Importer(815301076,1909f56bfc062723c751e8b465ee728b)
Start importing Assets/campus image.jpg using Guid(1c2e93dbc2981be4097ace0462df8ef8) Importer(815301076,1909f56bfc062723c751e8b465ee728b)  -> (artifact id: 'd9065ea850de029fb5ba0293af433bab') in 0.063136 seconds 
========================================================================
Received Prepare
Registering precompiled user dll's ...
Registered in 0.013026 seconds.
Begin MonoManager ReloadAssembly
Symbol file LoadedFromMemory doesn't match image C:\Users\Tapash Nag\Desktop\Hackathon\Hackathon_CampusCompass_AEC\Tapash\Library\PackageCache\com.unity.visualscripting@1.7.8\Editor\VisualScripting.Core\Dependencies\YamlDotNet\Unity.VisualScripting.YamlDotNet.dll
Symbol file LoadedFromMemory doesn't match image C:\Users\Tapash Nag\Desktop\Hackathon\Hackathon_CampusCompass_AEC\Tapash\Library\PackageCache\com.unity.visualscripting@1.7.8\Editor\VisualScripting.Core\Dependencies\DotNetZip\Unity.VisualScripting.IonicZip.dll
Native extension for WindowsStandalone target not found
Native extension for Android target not found
Native extension for WebGL target not found
Refreshing native plugins compatible for Editor in 0.62 ms, found 3 plugins.
Preloading 0 native plugins for Editor in 0.00 ms.
Mono: successfully reloaded assembly
- Completed reload, in  1.054 seconds
Domain Reload Profiling:
	ReloadAssembly (1056ms)
		BeginReloadAssembly (171ms)
			ExecutionOrderSort (0ms)
			DisableScriptedObjects (6ms)
			BackupInstance (0ms)
			ReleaseScriptingObjects (0ms)
			CreateAndSetChildDomain (43ms)
		EndReloadAssembly (770ms)
			LoadAssemblies (128ms)
			RebuildTransferFunctionScriptingTraits (0ms)
			SetupTypeCache (251ms)
			ReleaseScriptCaches (1ms)
			RebuildScriptCaches (38ms)
			SetupLoadedEditorAssemblies (332ms)
				LogAssemblyErrors (0ms)
				InitializePlatformSupportModulesInManaged (23ms)
				SetLoadedEditorAssemblies (0ms)
				RefreshPlugins (1ms)
				BeforeProcessingInitializeOnLoad (75ms)
				ProcessInitializeOnLoadAttributes (195ms)
				ProcessInitializeOnLoadMethodAttributes (25ms)
				AfterProcessingInitializeOnLoad (13ms)
				EditorAssembliesLoaded (0ms)
			ExecutionOrderSort2 (0ms)
			AwakeInstancesAfterBackupRestoration (5ms)
Platform modules already initialized, skipping
Refreshing native plugins compatible for Editor in 4.55 ms, found 3 plugins.
Preloading 0 native plugins for Editor in 0.00 ms.
Unloading 3357 Unused Serialized files (Serialized files now loaded: 0)
Unloading 20 unused Assets / (80.4 KB). Loaded Objects now: 3895.
Memory consumption went from 121.3 MB to 121.3 MB.
Total: 3.480200 ms (FindLiveObjects: 0.416600 ms CreateObjectMapping: 0.171500 ms MarkObjects: 2.782600 ms  DeleteObjects: 0.107800 ms)

AssetImportParameters requested are different than current active one (requested -> active):
  custom:video-decoder-ogg-theora: a1e56fd34408186e4bbccfd4996cb3dc -> 
  custom:container-muxer-webm: aa71ff27fc2769a1b78a27578f13a17b -> 
  custom:container-demuxer-webm: 4f35f7cbe854078d1ac9338744f61a02 -> 
  custom:video-encoder-webm-vp8: eb34c28f22e8b96e1ab97ce403110664 -> 
  custom:audio-encoder-webm-vorbis: bf7c407c2cedff20999df2af8eb42d56 -> 
  custom:framework-win-MediaFoundation: 216162199b28c13a410421893ffa2e32 -> 
  custom:container-demuxer-ogg: 62fdf1f143b41e24485cea50d1cbac27 -> 
  custom:video-decoder-webm-vp8: 9c59270c3fd7afecdb556c50c9e8de78 -> 
  custom:audio-decoder-ogg-vorbis: bf7c407c2cedff20999df2af8eb42d56 -> 
========================================================================
Received Prepare
Registering precompiled user dll's ...
Registered in 0.012122 seconds.
Begin MonoManager ReloadAssembly
Symbol file LoadedFromMemory doesn't match image C:\Users\Tapash Nag\Desktop\Hackathon\Hackathon_CampusCompass_AEC\Tapash\Library\PackageCache\com.unity.visualscripting@1.7.8\Editor\VisualScripting.Core\Dependencies\YamlDotNet\Unity.VisualScripting.YamlDotNet.dll
Symbol file LoadedFromMemory doesn't match image C:\Users\Tapash Nag\Desktop\Hackathon\Hackathon_CampusCompass_AEC\Tapash\Library\PackageCache\com.unity.visualscripting@1.7.8\Editor\VisualScripting.Core\Dependencies\DotNetZip\Unity.VisualScripting.IonicZip.dll
Native extension for WindowsStandalone target not found
Native extension for Android target not found
Native extension for WebGL target not found
Refreshing native plugins compatible for Editor in 1.07 ms, found 3 plugins.
Preloading 0 native plugins for Editor in 0.00 ms.
Mono: successfully reloaded assembly
- Completed reload, in  1.292 seconds
Domain Reload Profiling:
	ReloadAssembly (1293ms)
		BeginReloadAssembly (192ms)
			ExecutionOrderSort (0ms)
			DisableScriptedObjects (7ms)
			BackupInstance (0ms)
			ReleaseScriptingObjects (0ms)
			CreateAndSetChildDomain (45ms)
		EndReloadAssembly (966ms)
			LoadAssemblies (153ms)
			RebuildTransferFunctionScriptingTraits (0ms)
			SetupTypeCache (323ms)
			ReleaseScriptCaches (2ms)
			RebuildScriptCaches (51ms)
			SetupLoadedEditorAssemblies (407ms)
				LogAssemblyErrors (0ms)
				InitializePlatformSupportModulesInManaged (34ms)
				SetLoadedEditorAssemblies (1ms)
				RefreshPlugins (1ms)
				BeforeProcessingInitializeOnLoad (85ms)
				ProcessInitializeOnLoadAttributes (243ms)
				ProcessInitializeOnLoadMethodAttributes (27ms)
				AfterProcessingInitializeOnLoad (17ms)
				EditorAssembliesLoaded (0ms)
			ExecutionOrderSort2 (0ms)
			AwakeInstancesAfterBackupRestoration (6ms)
Platform modules already initialized, skipping
Refreshing native plugins compatible for Editor in 4.19 ms, found 3 plugins.
Preloading 0 native plugins for Editor in 0.00 ms.
Unloading 3357 Unused Serialized files (Serialized files now loaded: 0)
Unloading 20 unused Assets / (80.5 KB). Loaded Objects now: 3898.
Memory consumption went from 121.4 MB to 121.4 MB.
Total: 3.806100 ms (FindLiveObjects: 0.292600 ms CreateObjectMapping: 0.100100 ms MarkObjects: 3.284300 ms  DeleteObjects: 0.127200 ms)

AssetImportParameters requested are different than current active one (requested -> active):
  custom:video-decoder-ogg-theora: a1e56fd34408186e4bbccfd4996cb3dc -> 
  custom:container-muxer-webm: aa71ff27fc2769a1b78a27578f13a17b -> 
  custom:container-demuxer-webm: 4f35f7cbe854078d1ac9338744f61a02 -> 
  custom:video-encoder-webm-vp8: eb34c28f22e8b96e1ab97ce403110664 -> 
  custom:audio-encoder-webm-vorbis: bf7c407c2cedff20999df2af8eb42d56 -> 
  custom:framework-win-MediaFoundation: 216162199b28c13a410421893ffa2e32 -> 
  custom:container-demuxer-ogg: 62fdf1f143b41e24485cea50d1cbac27 -> 
  custom:video-decoder-webm-vp8: 9c59270c3fd7afecdb556c50c9e8de78 -> 
  custom:audio-decoder-ogg-vorbis: bf7c407c2cedff20999df2af8eb42d56 -> 
========================================================================
Received Import Request.
  Time since last request: 681.504834 seconds.
  path: Assets/campus1.jpg
  artifactKey: Guid(2884bc90733926b46acb8d8212cbb157) Importer(815301076,1909f56bfc062723c751e8b465ee728b)
Start importing Assets/campus1.jpg using Guid(2884bc90733926b46acb8d8212cbb157) Importer(815301076,1909f56bfc062723c751e8b465ee728b)  -> (artifact id: 'c934ae9c0e396823a95fb1ea0888d9ef') in 0.057320 seconds 
========================================================================
Received Import Request.
  Time since last request: 10.836953 seconds.
  path: Assets/campus1.jpg
  artifactKey: Guid(2884bc90733926b46acb8d8212cbb157) Importer(815301076,1909f56bfc062723c751e8b465ee728b)
Start importing Assets/campus1.jpg using Guid(2884bc90733926b46acb8d8212cbb157) Importer(815301076,1909f56bfc062723c751e8b465ee728b)  -> (artifact id: 'b779c28fc0060aeb1bb0d30dc2e21a0f') in 0.021617 seconds 
========================================================================
Received Import Request.
  Time since last request: 1166.095741 seconds.
  path: Assets/campus2.jpg
  artifactKey: Guid(81b6a4a4a53c3ea43980d3890afd916f) Importer(815301076,1909f56bfc062723c751e8b465ee728b)
Start importing Assets/campus2.jpg using Guid(81b6a4a4a53c3ea43980d3890afd916f) Importer(815301076,1909f56bfc062723c751e8b465ee728b)  -> (artifact id: 'd15383c0b550e78857c242ec0bd2c3ed') in 0.024347 seconds 
========================================================================
Received Import Request.
  Time since last request: 11.747139 seconds.
  path: Assets/campus2.jpg
  artifactKey: Guid(81b6a4a4a53c3ea43980d3890afd916f) Importer(815301076,1909f56bfc062723c751e8b465ee728b)
Start importing Assets/campus2.jpg using Guid(81b6a4a4a53c3ea43980d3890afd916f) Importer(815301076,1909f56bfc062723c751e8b465ee728b)  -> (artifact id: '09a1b777437097f81f2b269dd7d1372a') in 0.070986 seconds 
========================================================================
Received Prepare
Registering precompiled user dll's ...
Registered in 0.011309 seconds.
Begin MonoManager ReloadAssembly
Symbol file LoadedFromMemory doesn't match image C:\Users\Tapash Nag\Desktop\Hackathon\Hackathon_CampusCompass_AEC\Tapash\Library\PackageCache\com.unity.visualscripting@1.7.8\Editor\VisualScripting.Core\Dependencies\YamlDotNet\Unity.VisualScripting.YamlDotNet.dll
Symbol file LoadedFromMemory doesn't match image C:\Users\Tapash Nag\Desktop\Hackathon\Hackathon_CampusCompass_AEC\Tapash\Library\PackageCache\com.unity.visualscripting@1.7.8\Editor\VisualScripting.Core\Dependencies\DotNetZip\Unity.VisualScripting.IonicZip.dll
Native extension for WindowsStandalone target not found
Native extension for Android target not found
Native extension for WebGL target not found
Refreshing native plugins compatible for Editor in 0.81 ms, found 3 plugins.
Preloading 0 native plugins for Editor in 0.00 ms.
Mono: successfully reloaded assembly
- Completed reload, in  1.265 seconds
Domain Reload Profiling:
	ReloadAssembly (1266ms)
		BeginReloadAssembly (187ms)
			ExecutionOrderSort (0ms)
			DisableScriptedObjects (5ms)
			BackupInstance (0ms)
			ReleaseScriptingObjects (0ms)
			CreateAndSetChildDomain (53ms)
		EndReloadAssembly (950ms)
			LoadAssemblies (143ms)
			RebuildTransferFunctionScriptingTraits (0ms)
			SetupTypeCache (302ms)
			ReleaseScriptCaches (2ms)
			RebuildScriptCaches (47ms)
			SetupLoadedEditorAssemblies (414ms)
				LogAssemblyErrors (0ms)
				InitializePlatformSupportModulesInManaged (29ms)
				SetLoadedEditorAssemblies (1ms)
				RefreshPlugins (1ms)
				BeforeProcessingInitializeOnLoad (89ms)
				ProcessInitializeOnLoadAttributes (250ms)
				ProcessInitializeOnLoadMethodAttributes (27ms)
				AfterProcessingInitializeOnLoad (17ms)
				EditorAssembliesLoaded (0ms)
			ExecutionOrderSort2 (0ms)
			AwakeInstancesAfterBackupRestoration (10ms)
Platform modules already initialized, skipping
Refreshing native plugins compatible for Editor in 4.53 ms, found 3 plugins.
Preloading 0 native plugins for Editor in 0.00 ms.
Unloading 3357 Unused Serialized files (Serialized files now loaded: 0)
Unloading 20 unused Assets / (80.5 KB). Loaded Objects now: 3903.
Memory consumption went from 121.5 MB to 121.4 MB.
Total: 5.057700 ms (FindLiveObjects: 0.331700 ms CreateObjectMapping: 0.121100 ms MarkObjects: 4.461400 ms  DeleteObjects: 0.141900 ms)

AssetImportParameters requested are different than current active one (requested -> active):
  custom:video-decoder-ogg-theora: a1e56fd34408186e4bbccfd4996cb3dc -> 
  custom:container-muxer-webm: aa71ff27fc2769a1b78a27578f13a17b -> 
  custom:container-demuxer-webm: 4f35f7cbe854078d1ac9338744f61a02 -> 
  custom:video-encoder-webm-vp8: eb34c28f22e8b96e1ab97ce403110664 -> 
  custom:audio-encoder-webm-vorbis: bf7c407c2cedff20999df2af8eb42d56 -> 
  custom:framework-win-MediaFoundation: 216162199b28c13a410421893ffa2e32 -> 
  custom:container-demuxer-ogg: 62fdf1f143b41e24485cea50d1cbac27 -> 
  custom:video-decoder-webm-vp8: 9c59270c3fd7afecdb556c50c9e8de78 -> 
  custom:audio-decoder-ogg-vorbis: bf7c407c2cedff20999df2af8eb42d56 -> 
========================================================================
Received Prepare
Registering precompiled user dll's ...
Registered in 0.011297 seconds.
Begin MonoManager ReloadAssembly
Symbol file LoadedFromMemory doesn't match image C:\Users\Tapash Nag\Desktop\Hackathon\Hackathon_CampusCompass_AEC\Tapash\Library\PackageCache\com.unity.visualscripting@1.7.8\Editor\VisualScripting.Core\Dependencies\YamlDotNet\Unity.VisualScripting.YamlDotNet.dll
Symbol file LoadedFromMemory doesn't match image C:\Users\Tapash Nag\Desktop\Hackathon\Hackathon_CampusCompass_AEC\Tapash\Library\PackageCache\com.unity.visualscripting@1.7.8\Editor\VisualScripting.Core\Dependencies\DotNetZip\Unity.VisualScripting.IonicZip.dll
Native extension for WindowsStandalone target not found
Native extension for Android target not found
Native extension for WebGL target not found
Refreshing native plugins compatible for Editor in 1.33 ms, found 3 plugins.
Preloading 0 native plugins for Editor in 0.00 ms.
Mono: successfully reloaded assembly
- Completed reload, in  1.262 seconds
Domain Reload Profiling:
	ReloadAssembly (1262ms)
		BeginReloadAssembly (184ms)
			ExecutionOrderSort (0ms)
			DisableScriptedObjects (5ms)
			BackupInstance (0ms)
			ReleaseScriptingObjects (0ms)
			CreateAndSetChildDomain (50ms)
		EndReloadAssembly (951ms)
			LoadAssemblies (153ms)
			RebuildTransferFunctionScriptingTraits (0ms)
			SetupTypeCache (311ms)
			ReleaseScriptCaches (2ms)
			RebuildScriptCaches (58ms)
			SetupLoadedEditorAssemblies (386ms)
				LogAssemblyErrors (0ms)
				InitializePlatformSupportModulesInManaged (28ms)
				SetLoadedEditorAssemblies (0ms)
				RefreshPlugins (1ms)
				BeforeProcessingInitializeOnLoad (84ms)
				ProcessInitializeOnLoadAttributes (233ms)
				ProcessInitializeOnLoadMethodAttributes (25ms)
				AfterProcessingInitializeOnLoad (13ms)
				EditorAssembliesLoaded (1ms)
			ExecutionOrderSort2 (0ms)
			AwakeInstancesAfterBackupRestoration (9ms)
Platform modules already initialized, skipping
Refreshing native plugins compatible for Editor in 4.62 ms, found 3 plugins.
Preloading 0 native plugins for Editor in 0.00 ms.
Unloading 3357 Unused Serialized files (Serialized files now loaded: 0)
Unloading 20 unused Assets / (80.4 KB). Loaded Objects now: 3906.
Memory consumption went from 121.5 MB to 121.4 MB.
Total: 4.137100 ms (FindLiveObjects: 0.427500 ms CreateObjectMapping: 0.171800 ms MarkObjects: 3.296700 ms  DeleteObjects: 0.239200 ms)

AssetImportParameters requested are different than current active one (requested -> active):
  custom:video-decoder-ogg-theora: a1e56fd34408186e4bbccfd4996cb3dc -> 
  custom:container-muxer-webm: aa71ff27fc2769a1b78a27578f13a17b -> 
  custom:container-demuxer-webm: 4f35f7cbe854078d1ac9338744f61a02 -> 
  custom:video-encoder-webm-vp8: eb34c28f22e8b96e1ab97ce403110664 -> 
  custom:audio-encoder-webm-vorbis: bf7c407c2cedff20999df2af8eb42d56 -> 
  custom:framework-win-MediaFoundation: 216162199b28c13a410421893ffa2e32 -> 
  custom:container-demuxer-ogg: 62fdf1f143b41e24485cea50d1cbac27 -> 
  custom:video-decoder-webm-vp8: 9c59270c3fd7afecdb556c50c9e8de78 -> 
  custom:audio-decoder-ogg-vorbis: bf7c407c2cedff20999df2af8eb42d56 -> 
========================================================================
Received Import Request.
  Time since last request: 266.749272 seconds.
  path: Assets/campus1.jpg
  artifactKey: Guid(2884bc90733926b46acb8d8212cbb157) Importer(815301076,1909f56bfc062723c751e8b465ee728b)
Start importing Assets/campus1.jpg using Guid(2884bc90733926b46acb8d8212cbb157) Importer(815301076,1909f56bfc062723c751e8b465ee728b)  -> (artifact id: 'c5b70fa08b2ecdc206d5f42556189a29') in 0.061666 seconds 
========================================================================
Received Import Request.
  Time since last request: 8.015850 seconds.
  path: Assets/campus1.jpg
  artifactKey: Guid(2884bc90733926b46acb8d8212cbb157) Importer(815301076,1909f56bfc062723c751e8b465ee728b)
Start importing Assets/campus1.jpg using Guid(2884bc90733926b46acb8d8212cbb157) Importer(815301076,1909f56bfc062723c751e8b465ee728b)  -> (artifact id: '85e16385734aa1013f7f21fb9696bf35') in 0.011545 seconds 
========================================================================
Received Import Request.
  Time since last request: 19.679957 seconds.
  path: Assets/campus1.jpg
  artifactKey: Guid(2884bc90733926b46acb8d8212cbb157) Importer(815301076,1909f56bfc062723c751e8b465ee728b)
Start importing Assets/campus1.jpg using Guid(2884bc90733926b46acb8d8212cbb157) Importer(815301076,1909f56bfc062723c751e8b465ee728b)  -> (artifact id: 'c355e3c987f4eff554fade9d1118fe5a') in 0.048747 seconds 
========================================================================
Received Import Request.
  Time since last request: 52.140850 seconds.
  path: Assets/campus2.jpg
  artifactKey: Guid(81b6a4a4a53c3ea43980d3890afd916f) Importer(815301076,1909f56bfc062723c751e8b465ee728b)
Start importing Assets/campus2.jpg using Guid(81b6a4a4a53c3ea43980d3890afd916f) Importer(815301076,1909f56bfc062723c751e8b465ee728b)  -> (artifact id: 'f31ac67a0b432384eb75ffd5ef127816') in 0.022739 seconds 
========================================================================
Received Import Request.
  Time since last request: 9.674056 seconds.
  path: Assets/campus2.jpg
  artifactKey: Guid(81b6a4a4a53c3ea43980d3890afd916f) Importer(815301076,1909f56bfc062723c751e8b465ee728b)
Start importing Assets/campus2.jpg using Guid(81b6a4a4a53c3ea43980d3890afd916f) Importer(815301076,1909f56bfc062723c751e8b465ee728b)  -> (artifact id: '35cb587ce887a72321bd84aa5b0a7d7c') in 0.013994 seconds 
========================================================================
Received Import Request.
  Time since last request: 18.812707 seconds.
  path: Assets/campus2.jpg
  artifactKey: Guid(81b6a4a4a53c3ea43980d3890afd916f) Importer(815301076,1909f56bfc062723c751e8b465ee728b)
Start importing Assets/campus2.jpg using Guid(81b6a4a4a53c3ea43980d3890afd916f) Importer(815301076,1909f56bfc062723c751e8b465ee728b)  -> (artifact id: '692472f8eb8bb4cd6e9fb4be70dd05cc') in 0.077537 seconds 
========================================================================
Received Prepare
Registering precompiled user dll's ...
Registered in 0.009705 seconds.
Begin MonoManager ReloadAssembly
Symbol file LoadedFromMemory doesn't match image C:\Users\Tapash Nag\Desktop\Hackathon\Hackathon_CampusCompass_AEC\Tapash\Library\PackageCache\com.unity.visualscripting@1.7.8\Editor\VisualScripting.Core\Dependencies\YamlDotNet\Unity.VisualScripting.YamlDotNet.dll
Symbol file LoadedFromMemory doesn't match image C:\Users\Tapash Nag\Desktop\Hackathon\Hackathon_CampusCompass_AEC\Tapash\Library\PackageCache\com.unity.visualscripting@1.7.8\Editor\VisualScripting.Core\Dependencies\DotNetZip\Unity.VisualScripting.IonicZip.dll
Native extension for WindowsStandalone target not found
Native extension for Android target not found
Native extension for WebGL target not found
Refreshing native plugins compatible for Editor in 0.75 ms, found 3 plugins.
Preloading 0 native plugins for Editor in 0.00 ms.
Mono: successfully reloaded assembly
- Completed reload, in  1.297 seconds
Domain Reload Profiling:
	ReloadAssembly (1298ms)
		BeginReloadAssembly (190ms)
			ExecutionOrderSort (0ms)
			DisableScriptedObjects (6ms)
			BackupInstance (0ms)
			ReleaseScriptingObjects (0ms)
			CreateAndSetChildDomain (55ms)
		EndReloadAssembly (979ms)
			LoadAssemblies (149ms)
			RebuildTransferFunctionScriptingTraits (0ms)
			SetupTypeCache (321ms)
			ReleaseScriptCaches (2ms)
			RebuildScriptCaches (48ms)
			SetupLoadedEditorAssemblies (417ms)
				LogAssemblyErrors (0ms)
				InitializePlatformSupportModulesInManaged (29ms)
				SetLoadedEditorAssemblies (1ms)
				RefreshPlugins (1ms)
				BeforeProcessingInitializeOnLoad (90ms)
				ProcessInitializeOnLoadAttributes (255ms)
				ProcessInitializeOnLoadMethodAttributes (28ms)
				AfterProcessingInitializeOnLoad (14ms)
				EditorAssembliesLoaded (0ms)
			ExecutionOrderSort2 (0ms)
			AwakeInstancesAfterBackupRestoration (7ms)
Platform modules already initialized, skipping
Refreshing native plugins compatible for Editor in 4.56 ms, found 3 plugins.
Preloading 0 native plugins for Editor in 0.00 ms.
Unloading 3357 Unused Serialized files (Serialized files now loaded: 0)
Unloading 20 unused Assets / (80.4 KB). Loaded Objects now: 3913.
Memory consumption went from 121.5 MB to 121.4 MB.
Total: 4.243300 ms (FindLiveObjects: 0.559200 ms CreateObjectMapping: 0.137900 ms MarkObjects: 3.410700 ms  DeleteObjects: 0.132400 ms)

AssetImportParameters requested are different than current active one (requested -> active):
  custom:video-decoder-ogg-theora: a1e56fd34408186e4bbccfd4996cb3dc -> 
  custom:container-muxer-webm: aa71ff27fc2769a1b78a27578f13a17b -> 
  custom:container-demuxer-webm: 4f35f7cbe854078d1ac9338744f61a02 -> 
  custom:video-encoder-webm-vp8: eb34c28f22e8b96e1ab97ce403110664 -> 
  custom:audio-encoder-webm-vorbis: bf7c407c2cedff20999df2af8eb42d56 -> 
  custom:framework-win-MediaFoundation: 216162199b28c13a410421893ffa2e32 -> 
  custom:container-demuxer-ogg: 62fdf1f143b41e24485cea50d1cbac27 -> 
  custom:video-decoder-webm-vp8: 9c59270c3fd7afecdb556c50c9e8de78 -> 
  custom:audio-decoder-ogg-vorbis: bf7c407c2cedff20999df2af8eb42d56 -> 
========================================================================
Received Import Request.
  Time since last request: 253.695687 seconds.
  path: Assets/Foldit-VariableFont_wght SDF.asset
  artifactKey: Guid(951e8d1b18b7a1d44acf1e7740be3988) Importer(815301076,1909f56bfc062723c751e8b465ee728b)
Start importing Assets/Foldit-VariableFont_wght SDF.asset using Guid(951e8d1b18b7a1d44acf1e7740be3988) Importer(815301076,1909f56bfc062723c751e8b465ee728b)  -> (artifact id: 'f546a09d354507d063312c3eb0377c6b') in 0.102289 seconds 
